<?xml version="1.0" encoding="UTF-8"?>
<!-- Generated by org.testng.reporters.JUnitReportReporter -->
<testsuite hostname="LAPTOP-N12FFOFH" failures="0" tests="1" name="testngconcepts.Demo1" time="0.022" errors="0" timestamp="2024-05-08T00:41:20 IST" skipped="0">
  <testcase classname="testngconcepts.Demo1" name="method1" time="0.022"/>
  <system-out/>
</testsuite> <!-- testngconcepts.Demo1 -->
