<?xml version="1.0" encoding="UTF-8"?>
<!-- Generated by org.testng.reporters.JUnitReportReporter -->
<testsuite hostname="LAPTOP-N12FFOFH" failures="0" tests="2" name="testngconcepts.Demo2" time="0.016" errors="0" timestamp="2024-05-08T00:41:20 IST" skipped="0">
  <testcase classname="testngconcepts.Demo2" name="method1" time="0.012"/>
  <system-out/>
  <testcase classname="testngconcepts.Demo2" name="method2" time="0.004"/>
  <system-out/>
</testsuite> <!-- testngconcepts.Demo2 -->
