<?xml version="1.0" encoding="UTF-8"?>
<!-- Generated by org.testng.reporters.JUnitReportReporter -->
<testsuite hostname="LAPTOP-N12FFOFH" failures="0" tests="2" name="testcases.loginTestCases" time="6.280" errors="0" timestamp="2024-05-19T21:34:03 IST" skipped="0">
  <testcase classname="testcases.loginTestCases" name="verifyLoginWithInValidData" time="2.694"/>
  <system-out/>
  <testcase classname="testcases.loginTestCases" name="verifyLoginWithValidData" time="3.586"/>
  <system-out/>
</testsuite> <!-- testcases.loginTestCases -->
