<?xml version="1.0" encoding="UTF-8"?>
<!-- Generated by org.testng.reporters.JUnitReportReporter -->
<testsuite hostname="LAPTOP-N12FFOFH" failures="0" tests="3" name="testcases.registerTestCases" time="11.088" errors="0" timestamp="2024-05-20T09:59:21 IST" skipped="1">
  <testcase classname="testcases.registerTestCases" name="verifyRegistrrationWithValideData" time="5.799"/>
  <system-out/>
  <testcase classname="testcases.registerTestCases" name="verifyRegistrrationWithBlankData" time="5.289"/>
  <system-out/>
  <testcase classname="testcases.registerTestCases" name="verifyRegistrrationWithInvalideData">
    <skipped/>
  </testcase> <!-- verifyRegistrrationWithInvalideData -->
  <system-out/>
</testsuite> <!-- testcases.registerTestCases -->
