<?xml version="1.0" encoding="UTF-8"?>
<!-- Generated by org.testng.reporters.JUnitReportReporter -->
<testsuite hostname="LAPTOP-N12FFOFH" failures="0" tests="3" name="testcases.registerTestCases" time="11.183" errors="0" timestamp="2024-05-19T21:34:03 IST" skipped="1">
  <testcase classname="testcases.registerTestCases" name="verifyRegistrrationWithValideData" time="8.286"/>
  <system-out/>
  <testcase classname="testcases.registerTestCases" name="verifyRegistrrationWithBlankData" time="2.897"/>
  <system-out/>
  <testcase classname="testcases.registerTestCases" name="verifyRegistrrationWithInvalideData">
    <skipped/>
  </testcase> <!-- verifyRegistrrationWithInvalideData -->
  <system-out/>
</testsuite> <!-- testcases.registerTestCases -->
